[Appium] Welcome to Appium v1.6.5
[Appium] Non-default server args:
[Appium]   port: 50461
[Appium]   loglevel: info
[Appium]   chromeDriverPort: 50465
[Appium]   tmpDir: C:\Users\Cornel\AppData\Local\Temp\\Katalon\Appium\Temp1509102134148
[Appium] Appium REST http interface listener started on 0.0.0.0:50461
[HTTP] --> GET /wd/hub/status {}
[HTTP] <-- GET /wd/hub/status 200 14 ms - 83 
[HTTP] --> POST /wd/hub/session {"desiredCapabilities":{"browserName":"Chrome","udid":"0b0b094f02a0a32e","platformName":"Android","deviceName":"LGE Nexus 5 6.0.1","newCommandTimeout":1800,"platform":"ANDROID"}}
[Appium] Creating new AndroidDriver (v1.20.0) session
[Appium] Capabilities:
[Appium]   browserName: 'Chrome'
[Appium]   udid: '0b0b094f02a0a32e'
[Appium]   platformName: 'Android'
[Appium]   deviceName: 'LGE Nexus 5 6.0.1'
[Appium]   newCommandTimeout: 1800
[Appium]   platform: 'ANDROID'
[BaseDriver] The following capabilities were provided, but are not recognized by appium: platform.
[BaseDriver] Session created with session id: cbb48ec6-45b0-4c63-8bf4-a8f8ab435597
[AndroidDriver] Java version is: 1.8.0_102
[AndroidDriver] We're going to run a Chrome-based session
[AndroidDriver] Chrome-type package and activity are com.android.chrome and com.google.android.apps.chrome.Main
[ADB] Checking whether adb is present
[ADB] Using adb.exe from F:\Kit\Katalon_Studio_Windows_64-4.8\configuration\resources\tools\android_sdk\platform-tools\adb.exe
[AndroidDriver] Retrieving device list
[AndroidDriver] Using device: 0b0b094f02a0a32e
[ADB] Checking whether adb is present
[ADB] Using adb.exe from F:\Kit\Katalon_Studio_Windows_64-4.8\configuration\resources\tools\android_sdk\platform-tools\adb.exe
[AndroidDriver] App file was not listed, instead we're going to run com.android.chrome directly on the device
[AndroidDriver] Starting Android session
[ADB] Checking whether aapt is present
[ADB] Using aapt.exe from F:\Kit\Katalon_Studio_Windows_64-4.8\configuration\resources\tools\android_sdk\build-tools\23.0.3\aapt.exe
[ADB] Cannot read version codes of C:\Users\Cornel\AppData\Roaming\npm\node_modules\appium\node_modules\io.appium.settings\app\build\outputs\apk\settings_apk-debug.apk and/or io.appium.settings. Assuming correct app version is already installed
[ADB] Getting device platform version
[AndroidDriver] No app sent in, not parsing package/activity
[AndroidBootstrap] [BOOTSTRAP LOG] [debug] Registered crash watchers.
[AndroidBootstrap] Android bootstrap socket is now connected
[AndroidBootstrap] [BOOTSTRAP LOG] [debug] Client connected
[AndroidDriver] Screen already unlocked, doing nothing
[AndroidDriver] Starting a chrome-based browser session
[Chromedriver] Set chromedriver binary as: C:\Users\Cornel\AppData\Roaming\npm\node_modules\appium\node_modules\appium-chromedriver\chromedriver\win\chromedriver.exe
[Chromedriver] Killing any old chromedrivers, running: FOR /F "usebackq tokens=5" %a in (`netstat -nao ^| findstr /R /C:"50465 "`) do (FOR /F "usebackq" %b in (`TASKLIST /FI "PID eq %a" ^| findstr /I chromedriver.exe`) do (IF NOT %b=="" TASKKILL /F /PID %a))
[Chromedriver] No old chromedrivers seemed to exist
[Chromedriver] Spawning chromedriver with: C:\Users\Cornel\AppData\Roaming\npm\node_modules\appium\node_modules\appium-chromedriver\chromedriver\win\chromedriver.exe --url-base=wd/hub --port=50465 --adb-port=5037
[Chromedriver] [STDOUT] Starting ChromeDriver 2.28.455520 (cc17746adff54984afff480136733114c6b3704b) on port 50465
Only local connections are allowed.
[Appium] New AndroidDriver session created successfully, session cbb48ec6-45b0-4c63-8bf4-a8f8ab435597 added to master session list
[HTTP] <-- POST /wd/hub/session 200 18392 ms - 705 
[HTTP] --> GET /wd/hub/status {}
[HTTP] <-- GET /wd/hub/status 200 4 ms - 83 
[HTTP] --> POST /wd/hub/session/cbb48ec6-45b0-4c63-8bf4-a8f8ab435597/timeouts {"type":"implicit","ms":0}
[MJSONWP] Driver proxy active, passing request on via HTTP proxy
[JSONWP Proxy] Replacing sessionId 5bebdf3ce236b5b6f3ab27edd0e2162a with cbb48ec6-45b0-4c63-8bf4-a8f8ab435597
[HTTP] <-- POST /wd/hub/session/cbb48ec6-45b0-4c63-8bf4-a8f8ab435597/timeouts 200 220 ms - 76 
[HTTP] --> POST /wd/hub/session/cbb48ec6-45b0-4c63-8bf4-a8f8ab435597/execute {"script":"return navigator.sayswho= (function() { var ua= navigator.userAgent, tem, M= ua.match(/(opera|chrome|safari|firefox|msie|trident)\\/?\\s*(\\.?\\d+(\\.\\d+)*)/i) || []; if (/trident/i.test(M[1])) {     tem=  /\\brv[ :]+(\\d+)/g.exec(ua) || [];     return 'IE '+(tem[1] || ''); } if(M[1]=== 'Chrome') {     tem= ua.match(/\b(OPR|Edge)\\/(\\d+)/);     if(tem!= null) return tem.slice(1).join(' ').replace('OPR', 'Opera'); } M= M[2]? [M[1], M[2]]: [navigator.appName, navigator.appVersion, '-?']; if((tem= ua.match(/version\\/(\\d+)/i))!= null) M.splice(1, 1, tem[1]); return M.join(' ').replace('MSIE', 'IE');})();","args":[]}
[MJSONWP] Driver proxy active, passing request on via HTTP proxy
[JSONWP Proxy] Replacing sessionId 5bebdf3ce236b5b6f3ab27edd0e2162a with cbb48ec6-45b0-4c63-8bf4-a8f8ab435597
[HTTP] <-- POST /wd/hub/session/cbb48ec6-45b0-4c63-8bf4-a8f8ab435597/execute 200 305 ms - 93 
[HTTP] --> POST /wd/hub/session/cbb48ec6-45b0-4c63-8bf4-a8f8ab435597/window/current/maximize {"windowHandle":"current"}
[MJSONWP] Driver proxy active, passing request on via HTTP proxy
[JSONWP Proxy] Replacing sessionId 5bebdf3ce236b5b6f3ab27edd0e2162a with cbb48ec6-45b0-4c63-8bf4-a8f8ab435597
[HTTP] <-- POST /wd/hub/session/cbb48ec6-45b0-4c63-8bf4-a8f8ab435597/window/current/maximize 200 229 ms - 298 
[HTTP] --> GET /wd/hub/session/cbb48ec6-45b0-4c63-8bf4-a8f8ab435597/screenshot {}
[MJSONWP] Driver proxy active, passing request on via HTTP proxy
[JSONWP Proxy] Replacing sessionId 5bebdf3ce236b5b6f3ab27edd0e2162a with cbb48ec6-45b0-4c63-8bf4-a8f8ab435597
[HTTP] <-- GET /wd/hub/session/cbb48ec6-45b0-4c63-8bf4-a8f8ab435597/screenshot 200 763 ms - 11190 
[HTTP] --> POST /wd/hub/session/cbb48ec6-45b0-4c63-8bf4-a8f8ab435597/url {"url":"https://primotours-webbooking.tourpaq.com/DoBooking.aspx?pltaID=1480269&p=1&rno=1&pt=1&a=2&c=0&aa=&ca="}
[MJSONWP] Driver proxy active, passing request on via HTTP proxy
[JSONWP Proxy] Replacing sessionId 5bebdf3ce236b5b6f3ab27edd0e2162a with cbb48ec6-45b0-4c63-8bf4-a8f8ab435597
[HTTP] <-- POST /wd/hub/session/cbb48ec6-45b0-4c63-8bf4-a8f8ab435597/url 200 5898 ms - 76 
[HTTP] --> POST /wd/hub/session/cbb48ec6-45b0-4c63-8bf4-a8f8ab435597/elements {"using":"xpath","value":"//input[count(. | //*[@name = 'firstName']) = count(//*[@name = 'firstName'])][count(. | //*[@placeholder = 'Fornavn']) = count(//*[@placeholder = 'Fornavn'])][count(. | //*[@type = 'text']) = count(//*[@type = 'text'])]"}
[MJSONWP] Driver proxy active, passing request on via HTTP proxy
[JSONWP Proxy] Replacing sessionId 5bebdf3ce236b5b6f3ab27edd0e2162a with cbb48ec6-45b0-4c63-8bf4-a8f8ab435597
[HTTP] <-- POST /wd/hub/session/cbb48ec6-45b0-4c63-8bf4-a8f8ab435597/elements 200 378 ms - 108 
[HTTP] --> POST /wd/hub/session/cbb48ec6-45b0-4c63-8bf4-a8f8ab435597/element/0.9247788483507482-1/clear {"id":"0.9247788483507482-1"}
[MJSONWP] Driver proxy active, passing request on via HTTP proxy
[JSONWP Proxy] Replacing sessionId 5bebdf3ce236b5b6f3ab27edd0e2162a with cbb48ec6-45b0-4c63-8bf4-a8f8ab435597
[HTTP] <-- POST /wd/hub/session/cbb48ec6-45b0-4c63-8bf4-a8f8ab435597/element/0.9247788483507482-1/clear 200 344 ms - 76 
[HTTP] --> POST /wd/hub/session/cbb48ec6-45b0-4c63-8bf4-a8f8ab435597/elements {"using":"xpath","value":"//input[count(. | //*[@name = 'firstName']) = count(//*[@name = 'firstName'])][count(. | //*[@placeholder = 'Fornavn']) = count(//*[@placeholder = 'Fornavn'])][count(. | //*[@type = 'text']) = count(//*[@type = 'text'])]"}
[MJSONWP] Driver proxy active, passing request on via HTTP proxy
[JSONWP Proxy] Replacing sessionId 5bebdf3ce236b5b6f3ab27edd0e2162a with cbb48ec6-45b0-4c63-8bf4-a8f8ab435597
[HTTP] <-- POST /wd/hub/session/cbb48ec6-45b0-4c63-8bf4-a8f8ab435597/elements 200 105 ms - 108 
[HTTP] --> POST /wd/hub/session/cbb48ec6-45b0-4c63-8bf4-a8f8ab435597/element/0.9247788483507482-1/value {"id":"0.9247788483507482-1","value":["Cornel"]}
[MJSONWP] Driver proxy active, passing request on via HTTP proxy
[JSONWP Proxy] Replacing sessionId 5bebdf3ce236b5b6f3ab27edd0e2162a with cbb48ec6-45b0-4c63-8bf4-a8f8ab435597
[HTTP] <-- POST /wd/hub/session/cbb48ec6-45b0-4c63-8bf4-a8f8ab435597/element/0.9247788483507482-1/value 200 794 ms - 76 
[HTTP] --> POST /wd/hub/session/cbb48ec6-45b0-4c63-8bf4-a8f8ab435597/elements {"using":"xpath","value":"//input[count(. | //*[@name = 'lastName']) = count(//*[@name = 'lastName'])][count(. | //*[@placeholder = 'Efternavn']) = count(//*[@placeholder = 'Efternavn'])][count(. | //*[@type = 'text']) = count(//*[@type = 'text'])]"}
[MJSONWP] Driver proxy active, passing request on via HTTP proxy
[JSONWP Proxy] Replacing sessionId 5bebdf3ce236b5b6f3ab27edd0e2162a with cbb48ec6-45b0-4c63-8bf4-a8f8ab435597
[HTTP] <-- POST /wd/hub/session/cbb48ec6-45b0-4c63-8bf4-a8f8ab435597/elements 200 844 ms - 108 
[HTTP] --> POST /wd/hub/session/cbb48ec6-45b0-4c63-8bf4-a8f8ab435597/element/0.9247788483507482-2/clear {"id":"0.9247788483507482-2"}
[MJSONWP] Driver proxy active, passing request on via HTTP proxy
[JSONWP Proxy] Replacing sessionId 5bebdf3ce236b5b6f3ab27edd0e2162a with cbb48ec6-45b0-4c63-8bf4-a8f8ab435597
[HTTP] <-- POST /wd/hub/session/cbb48ec6-45b0-4c63-8bf4-a8f8ab435597/element/0.9247788483507482-2/clear 200 1192 ms - 76 
[HTTP] --> POST /wd/hub/session/cbb48ec6-45b0-4c63-8bf4-a8f8ab435597/elements {"using":"xpath","value":"//input[count(. | //*[@name = 'lastName']) = count(//*[@name = 'lastName'])][count(. | //*[@placeholder = 'Efternavn']) = count(//*[@placeholder = 'Efternavn'])][count(. | //*[@type = 'text']) = count(//*[@type = 'text'])]"}
[MJSONWP] Driver proxy active, passing request on via HTTP proxy
[JSONWP Proxy] Replacing sessionId 5bebdf3ce236b5b6f3ab27edd0e2162a with cbb48ec6-45b0-4c63-8bf4-a8f8ab435597
[HTTP] <-- POST /wd/hub/session/cbb48ec6-45b0-4c63-8bf4-a8f8ab435597/elements 200 293 ms - 108 
[HTTP] --> POST /wd/hub/session/cbb48ec6-45b0-4c63-8bf4-a8f8ab435597/element/0.9247788483507482-2/value {"id":"0.9247788483507482-2","value":["Neacsu"]}
[MJSONWP] Driver proxy active, passing request on via HTTP proxy
[JSONWP Proxy] Replacing sessionId 5bebdf3ce236b5b6f3ab27edd0e2162a with cbb48ec6-45b0-4c63-8bf4-a8f8ab435597
[HTTP] <-- POST /wd/hub/session/cbb48ec6-45b0-4c63-8bf4-a8f8ab435597/element/0.9247788483507482-2/value 200 984 ms - 76 
[HTTP] --> POST /wd/hub/session/cbb48ec6-45b0-4c63-8bf4-a8f8ab435597/elements {"using":"xpath","value":"//input[count(. | //*[@name = 'customerAddress']) = count(//*[@name = 'customerAddress'])][count(. | //*[@placeholder = 'Adresse']) = count(//*[@placeholder = 'Adresse'])][count(. | //*[@type = 'text']) = count(//*[@type = 'text'])]"}
[MJSONWP] Driver proxy active, passing request on via HTTP proxy
[JSONWP Proxy] Replacing sessionId 5bebdf3ce236b5b6f3ab27edd0e2162a with cbb48ec6-45b0-4c63-8bf4-a8f8ab435597
[HTTP] <-- POST /wd/hub/session/cbb48ec6-45b0-4c63-8bf4-a8f8ab435597/elements 200 200 ms - 108 
[HTTP] --> POST /wd/hub/session/cbb48ec6-45b0-4c63-8bf4-a8f8ab435597/element/0.9247788483507482-3/clear {"id":"0.9247788483507482-3"}
[MJSONWP] Driver proxy active, passing request on via HTTP proxy
[JSONWP Proxy] Replacing sessionId 5bebdf3ce236b5b6f3ab27edd0e2162a with cbb48ec6-45b0-4c63-8bf4-a8f8ab435597
[HTTP] <-- POST /wd/hub/session/cbb48ec6-45b0-4c63-8bf4-a8f8ab435597/element/0.9247788483507482-3/clear 200 389 ms - 76 
[HTTP] --> POST /wd/hub/session/cbb48ec6-45b0-4c63-8bf4-a8f8ab435597/elements {"using":"xpath","value":"//input[count(. | //*[@name = 'customerAddress']) = count(//*[@name = 'customerAddress'])][count(. | //*[@placeholder = 'Adresse']) = count(//*[@placeholder = 'Adresse'])][count(. | //*[@type = 'text']) = count(//*[@type = 'text'])]"}
[MJSONWP] Driver proxy active, passing request on via HTTP proxy
[JSONWP Proxy] Replacing sessionId 5bebdf3ce236b5b6f3ab27edd0e2162a with cbb48ec6-45b0-4c63-8bf4-a8f8ab435597
[HTTP] <-- POST /wd/hub/session/cbb48ec6-45b0-4c63-8bf4-a8f8ab435597/elements 200 103 ms - 108 
[HTTP] --> POST /wd/hub/session/cbb48ec6-45b0-4c63-8bf4-a8f8ab435597/element/0.9247788483507482-3/value {"id":"0.9247788483507482-3","value":["Home address"]}
[MJSONWP] Driver proxy active, passing request on via HTTP proxy
[JSONWP Proxy] Replacing sessionId 5bebdf3ce236b5b6f3ab27edd0e2162a with cbb48ec6-45b0-4c63-8bf4-a8f8ab435597
[HTTP] <-- POST /wd/hub/session/cbb48ec6-45b0-4c63-8bf4-a8f8ab435597/element/0.9247788483507482-3/value 200 1562 ms - 76 
[HTTP] --> POST /wd/hub/session/cbb48ec6-45b0-4c63-8bf4-a8f8ab435597/elements {"using":"xpath","value":"//input[count(. | //*[@name = 'customerPostcode']) = count(//*[@name = 'customerPostcode'])][count(. | //*[@placeholder = 'Post nr.']) = count(//*[@placeholder = 'Post nr.'])][count(. | //*[@type = 'text']) = count(//*[@type = 'text'])]"}
[MJSONWP] Driver proxy active, passing request on via HTTP proxy
[JSONWP Proxy] Replacing sessionId 5bebdf3ce236b5b6f3ab27edd0e2162a with cbb48ec6-45b0-4c63-8bf4-a8f8ab435597
[HTTP] <-- POST /wd/hub/session/cbb48ec6-45b0-4c63-8bf4-a8f8ab435597/elements 200 202 ms - 108 
[HTTP] --> POST /wd/hub/session/cbb48ec6-45b0-4c63-8bf4-a8f8ab435597/element/0.9247788483507482-4/clear {"id":"0.9247788483507482-4"}
[MJSONWP] Driver proxy active, passing request on via HTTP proxy
[JSONWP Proxy] Replacing sessionId 5bebdf3ce236b5b6f3ab27edd0e2162a with cbb48ec6-45b0-4c63-8bf4-a8f8ab435597
[HTTP] <-- POST /wd/hub/session/cbb48ec6-45b0-4c63-8bf4-a8f8ab435597/element/0.9247788483507482-4/clear 200 619 ms - 76 
[HTTP] --> POST /wd/hub/session/cbb48ec6-45b0-4c63-8bf4-a8f8ab435597/elements {"using":"xpath","value":"//input[count(. | //*[@name = 'customerPostcode']) = count(//*[@name = 'customerPostcode'])][count(. | //*[@placeholder = 'Post nr.']) = count(//*[@placeholder = 'Post nr.'])][count(. | //*[@type = 'text']) = count(//*[@type = 'text'])]"}
[MJSONWP] Driver proxy active, passing request on via HTTP proxy
[JSONWP Proxy] Replacing sessionId 5bebdf3ce236b5b6f3ab27edd0e2162a with cbb48ec6-45b0-4c63-8bf4-a8f8ab435597
[HTTP] <-- POST /wd/hub/session/cbb48ec6-45b0-4c63-8bf4-a8f8ab435597/elements 200 183 ms - 108 
[HTTP] --> POST /wd/hub/session/cbb48ec6-45b0-4c63-8bf4-a8f8ab435597/element/0.9247788483507482-4/value {"id":"0.9247788483507482-4","value":["6700"]}
[MJSONWP] Driver proxy active, passing request on via HTTP proxy
[JSONWP Proxy] Replacing sessionId 5bebdf3ce236b5b6f3ab27edd0e2162a with cbb48ec6-45b0-4c63-8bf4-a8f8ab435597
[HTTP] <-- POST /wd/hub/session/cbb48ec6-45b0-4c63-8bf4-a8f8ab435597/element/0.9247788483507482-4/value 200 796 ms - 76 
[HTTP] --> POST /wd/hub/session/cbb48ec6-45b0-4c63-8bf4-a8f8ab435597/elements {"using":"xpath","value":"//input[count(. | //*[@name = 'customerEmail']) = count(//*[@name = 'customerEmail'])][count(. | //*[@placeholder = 'E-mail']) = count(//*[@placeholder = 'E-mail'])][count(. | //*[@type = 'text']) = count(//*[@type = 'text'])]"}
[MJSONWP] Driver proxy active, passing request on via HTTP proxy
[JSONWP Proxy] Replacing sessionId 5bebdf3ce236b5b6f3ab27edd0e2162a with cbb48ec6-45b0-4c63-8bf4-a8f8ab435597
[HTTP] <-- POST /wd/hub/session/cbb48ec6-45b0-4c63-8bf4-a8f8ab435597/elements 200 180 ms - 108 
[HTTP] --> POST /wd/hub/session/cbb48ec6-45b0-4c63-8bf4-a8f8ab435597/element/0.9247788483507482-5/clear {"id":"0.9247788483507482-5"}
[MJSONWP] Driver proxy active, passing request on via HTTP proxy
[JSONWP Proxy] Replacing sessionId 5bebdf3ce236b5b6f3ab27edd0e2162a with cbb48ec6-45b0-4c63-8bf4-a8f8ab435597
[HTTP] <-- POST /wd/hub/session/cbb48ec6-45b0-4c63-8bf4-a8f8ab435597/element/0.9247788483507482-5/clear 200 354 ms - 76 
[HTTP] --> POST /wd/hub/session/cbb48ec6-45b0-4c63-8bf4-a8f8ab435597/elements {"using":"xpath","value":"//input[count(. | //*[@name = 'customerEmail']) = count(//*[@name = 'customerEmail'])][count(. | //*[@placeholder = 'E-mail']) = count(//*[@placeholder = 'E-mail'])][count(. | //*[@type = 'text']) = count(//*[@type = 'text'])]"}
[MJSONWP] Driver proxy active, passing request on via HTTP proxy
[JSONWP Proxy] Replacing sessionId 5bebdf3ce236b5b6f3ab27edd0e2162a with cbb48ec6-45b0-4c63-8bf4-a8f8ab435597
[HTTP] <-- POST /wd/hub/session/cbb48ec6-45b0-4c63-8bf4-a8f8ab435597/elements 200 215 ms - 108 
[HTTP] --> POST /wd/hub/session/cbb48ec6-45b0-4c63-8bf4-a8f8ab435597/element/0.9247788483507482-5/value {"id":"0.9247788483507482-5","value":["cornel.neacsu@roweb.ro"]}
[MJSONWP] Driver proxy active, passing request on via HTTP proxy
[JSONWP Proxy] Replacing sessionId 5bebdf3ce236b5b6f3ab27edd0e2162a with cbb48ec6-45b0-4c63-8bf4-a8f8ab435597
[HTTP] <-- POST /wd/hub/session/cbb48ec6-45b0-4c63-8bf4-a8f8ab435597/element/0.9247788483507482-5/value 200 2560 ms - 76 
[HTTP] --> POST /wd/hub/session/cbb48ec6-45b0-4c63-8bf4-a8f8ab435597/elements {"using":"xpath","value":"//input[count(. | //*[@name = 'customerPhone']) = count(//*[@name = 'customerPhone'])][count(. | //*[@placeholder = 'Telefon']) = count(//*[@placeholder = 'Telefon'])][count(. | //*[@type = 'text']) = count(//*[@type = 'text'])]"}
[MJSONWP] Driver proxy active, passing request on via HTTP proxy
[JSONWP Proxy] Replacing sessionId 5bebdf3ce236b5b6f3ab27edd0e2162a with cbb48ec6-45b0-4c63-8bf4-a8f8ab435597
[HTTP] <-- POST /wd/hub/session/cbb48ec6-45b0-4c63-8bf4-a8f8ab435597/elements 200 248 ms - 108 
[HTTP] --> POST /wd/hub/session/cbb48ec6-45b0-4c63-8bf4-a8f8ab435597/element/0.9247788483507482-6/clear {"id":"0.9247788483507482-6"}
[MJSONWP] Driver proxy active, passing request on via HTTP proxy
[JSONWP Proxy] Replacing sessionId 5bebdf3ce236b5b6f3ab27edd0e2162a with cbb48ec6-45b0-4c63-8bf4-a8f8ab435597
[HTTP] <-- POST /wd/hub/session/cbb48ec6-45b0-4c63-8bf4-a8f8ab435597/element/0.9247788483507482-6/clear 200 385 ms - 76 
[HTTP] --> POST /wd/hub/session/cbb48ec6-45b0-4c63-8bf4-a8f8ab435597/elements {"using":"xpath","value":"//input[count(. | //*[@name = 'customerPhone']) = count(//*[@name = 'customerPhone'])][count(. | //*[@placeholder = 'Telefon']) = count(//*[@placeholder = 'Telefon'])][count(. | //*[@type = 'text']) = count(//*[@type = 'text'])]"}
[MJSONWP] Driver proxy active, passing request on via HTTP proxy
[JSONWP Proxy] Replacing sessionId 5bebdf3ce236b5b6f3ab27edd0e2162a with cbb48ec6-45b0-4c63-8bf4-a8f8ab435597
[HTTP] <-- POST /wd/hub/session/cbb48ec6-45b0-4c63-8bf4-a8f8ab435597/elements 200 167 ms - 108 
[HTTP] --> POST /wd/hub/session/cbb48ec6-45b0-4c63-8bf4-a8f8ab435597/element/0.9247788483507482-6/value {"id":"0.9247788483507482-6","value":["12345678"]}
[MJSONWP] Driver proxy active, passing request on via HTTP proxy
[JSONWP Proxy] Replacing sessionId 5bebdf3ce236b5b6f3ab27edd0e2162a with cbb48ec6-45b0-4c63-8bf4-a8f8ab435597
[HTTP] <-- POST /wd/hub/session/cbb48ec6-45b0-4c63-8bf4-a8f8ab435597/element/0.9247788483507482-6/value 200 1357 ms - 76 
[HTTP] --> POST /wd/hub/session/cbb48ec6-45b0-4c63-8bf4-a8f8ab435597/elements {"using":"xpath","value":"//input[count(. | //*[@name = 'firstname-0_1']) = count(//*[@name = 'firstname-0_1'])][count(. | //*[@placeholder = 'Fornavn']) = count(//*[@placeholder = 'Fornavn'])][count(. | //*[@type = 'text']) = count(//*[@type = 'text'])]"}
[MJSONWP] Driver proxy active, passing request on via HTTP proxy
[JSONWP Proxy] Replacing sessionId 5bebdf3ce236b5b6f3ab27edd0e2162a with cbb48ec6-45b0-4c63-8bf4-a8f8ab435597
[HTTP] <-- POST /wd/hub/session/cbb48ec6-45b0-4c63-8bf4-a8f8ab435597/elements 200 205 ms - 108 
[HTTP] --> POST /wd/hub/session/cbb48ec6-45b0-4c63-8bf4-a8f8ab435597/element/0.9247788483507482-7/clear {"id":"0.9247788483507482-7"}
[MJSONWP] Driver proxy active, passing request on via HTTP proxy
[JSONWP Proxy] Replacing sessionId 5bebdf3ce236b5b6f3ab27edd0e2162a with cbb48ec6-45b0-4c63-8bf4-a8f8ab435597
[HTTP] <-- POST /wd/hub/session/cbb48ec6-45b0-4c63-8bf4-a8f8ab435597/element/0.9247788483507482-7/clear 200 471 ms - 76 
[HTTP] --> POST /wd/hub/session/cbb48ec6-45b0-4c63-8bf4-a8f8ab435597/elements {"using":"xpath","value":"//input[count(. | //*[@name = 'firstname-0_1']) = count(//*[@name = 'firstname-0_1'])][count(. | //*[@placeholder = 'Fornavn']) = count(//*[@placeholder = 'Fornavn'])][count(. | //*[@type = 'text']) = count(//*[@type = 'text'])]"}
[MJSONWP] Driver proxy active, passing request on via HTTP proxy
[JSONWP Proxy] Replacing sessionId 5bebdf3ce236b5b6f3ab27edd0e2162a with cbb48ec6-45b0-4c63-8bf4-a8f8ab435597
[HTTP] <-- POST /wd/hub/session/cbb48ec6-45b0-4c63-8bf4-a8f8ab435597/elements 200 156 ms - 108 
[HTTP] --> POST /wd/hub/session/cbb48ec6-45b0-4c63-8bf4-a8f8ab435597/element/0.9247788483507482-7/value {"id":"0.9247788483507482-7","value":["FirstName of passenger"]}
[MJSONWP] Driver proxy active, passing request on via HTTP proxy
[JSONWP Proxy] Replacing sessionId 5bebdf3ce236b5b6f3ab27edd0e2162a with cbb48ec6-45b0-4c63-8bf4-a8f8ab435597
[HTTP] <-- POST /wd/hub/session/cbb48ec6-45b0-4c63-8bf4-a8f8ab435597/element/0.9247788483507482-7/value 200 2927 ms - 76 
[HTTP] --> POST /wd/hub/session/cbb48ec6-45b0-4c63-8bf4-a8f8ab435597/elements {"using":"xpath","value":"//input[count(. | //*[@name = 'lastname0_1']) = count(//*[@name = 'lastname0_1'])][count(. | //*[@placeholder = 'Efternavn']) = count(//*[@placeholder = 'Efternavn'])][count(. | //*[@type = 'text']) = count(//*[@type = 'text'])]"}
[MJSONWP] Driver proxy active, passing request on via HTTP proxy
[JSONWP Proxy] Replacing sessionId 5bebdf3ce236b5b6f3ab27edd0e2162a with cbb48ec6-45b0-4c63-8bf4-a8f8ab435597
[HTTP] <-- POST /wd/hub/session/cbb48ec6-45b0-4c63-8bf4-a8f8ab435597/elements 200 197 ms - 108 
[HTTP] --> POST /wd/hub/session/cbb48ec6-45b0-4c63-8bf4-a8f8ab435597/element/0.9247788483507482-8/clear {"id":"0.9247788483507482-8"}
[MJSONWP] Driver proxy active, passing request on via HTTP proxy
[JSONWP Proxy] Replacing sessionId 5bebdf3ce236b5b6f3ab27edd0e2162a with cbb48ec6-45b0-4c63-8bf4-a8f8ab435597
[HTTP] <-- POST /wd/hub/session/cbb48ec6-45b0-4c63-8bf4-a8f8ab435597/element/0.9247788483507482-8/clear 200 372 ms - 76 
[HTTP] --> POST /wd/hub/session/cbb48ec6-45b0-4c63-8bf4-a8f8ab435597/elements {"using":"xpath","value":"//input[count(. | //*[@name = 'lastname0_1']) = count(//*[@name = 'lastname0_1'])][count(. | //*[@placeholder = 'Efternavn']) = count(//*[@placeholder = 'Efternavn'])][count(. | //*[@type = 'text']) = count(//*[@type = 'text'])]"}
[MJSONWP] Driver proxy active, passing request on via HTTP proxy
[JSONWP Proxy] Replacing sessionId 5bebdf3ce236b5b6f3ab27edd0e2162a with cbb48ec6-45b0-4c63-8bf4-a8f8ab435597
[HTTP] <-- POST /wd/hub/session/cbb48ec6-45b0-4c63-8bf4-a8f8ab435597/elements 200 123 ms - 108 
[HTTP] --> POST /wd/hub/session/cbb48ec6-45b0-4c63-8bf4-a8f8ab435597/element/0.9247788483507482-8/value {"id":"0.9247788483507482-8","value":["Last name of passenger"]}
[MJSONWP] Driver proxy active, passing request on via HTTP proxy
[JSONWP Proxy] Replacing sessionId 5bebdf3ce236b5b6f3ab27edd0e2162a with cbb48ec6-45b0-4c63-8bf4-a8f8ab435597
[HTTP] <-- POST /wd/hub/session/cbb48ec6-45b0-4c63-8bf4-a8f8ab435597/element/0.9247788483507482-8/value 200 2846 ms - 76 
[HTTP] --> POST /wd/hub/session/cbb48ec6-45b0-4c63-8bf4-a8f8ab435597/elements {"using":"xpath","value":"id(\"booking\")/div[@class=\"wrapper\"]/div[@class=\"container-mx small-padding\"]/div[@class=\"row\"]/div[@class=\"col-xs-12 col-md-4 col-md-offset-8\"]/a[@class=\"btn btn-primary col-xs-12 step\"]/i[@class=\"fa fa-arrow-circle-right\"][count(. | //*[@class = 'fa fa-arrow-circle-right']) = count(//*[@class = 'fa fa-arrow-circle-right'])]"}
[MJSONWP] Driver proxy active, passing request on via HTTP proxy
[JSONWP Proxy] Replacing sessionId 5bebdf3ce236b5b6f3ab27edd0e2162a with cbb48ec6-45b0-4c63-8bf4-a8f8ab435597
[HTTP] <-- POST /wd/hub/session/cbb48ec6-45b0-4c63-8bf4-a8f8ab435597/elements 200 154 ms - 108 
[HTTP] --> POST /wd/hub/session/cbb48ec6-45b0-4c63-8bf4-a8f8ab435597/execute {"script":"arguments[0].scrollIntoView();","args":[{"ELEMENT":"0.9247788483507482-9","element-6066-11e4-a52e-4f735466cecf":"0.9247788483507482-9"}]}
[MJSONWP] Driver proxy active, passing request on via HTTP proxy
[JSONWP Proxy] Replacing sessionId 5bebdf3ce236b5b6f3ab27edd0e2162a with cbb48ec6-45b0-4c63-8bf4-a8f8ab435597
[HTTP] <-- POST /wd/hub/session/cbb48ec6-45b0-4c63-8bf4-a8f8ab435597/execute 200 31 ms - 76 
[HTTP] --> POST /wd/hub/session/cbb48ec6-45b0-4c63-8bf4-a8f8ab435597/elements {"using":"xpath","value":"id(\"booking\")/div[@class=\"wrapper\"]/div[@class=\"container-mx small-padding\"]/div[@class=\"row\"]/div[@class=\"col-xs-12 col-md-4 col-md-offset-8\"]/a[@class=\"btn btn-primary col-xs-12 step\"]/i[@class=\"fa fa-arrow-circle-right\"][count(. | //*[@class = 'fa fa-arrow-circle-right']) = count(//*[@class = 'fa fa-arrow-circle-right'])]"}
[MJSONWP] Driver proxy active, passing request on via HTTP proxy
[JSONWP Proxy] Replacing sessionId 5bebdf3ce236b5b6f3ab27edd0e2162a with cbb48ec6-45b0-4c63-8bf4-a8f8ab435597
[HTTP] <-- POST /wd/hub/session/cbb48ec6-45b0-4c63-8bf4-a8f8ab435597/elements 200 166 ms - 108 
[HTTP] --> GET /wd/hub/session/cbb48ec6-45b0-4c63-8bf4-a8f8ab435597/element/0.9247788483507482-9/enabled {}
[MJSONWP] Driver proxy active, passing request on via HTTP proxy
[JSONWP Proxy] Replacing sessionId 5bebdf3ce236b5b6f3ab27edd0e2162a with cbb48ec6-45b0-4c63-8bf4-a8f8ab435597
[HTTP] <-- GET /wd/hub/session/cbb48ec6-45b0-4c63-8bf4-a8f8ab435597/element/0.9247788483507482-9/enabled 200 267 ms - 76 
[HTTP] --> POST /wd/hub/session/cbb48ec6-45b0-4c63-8bf4-a8f8ab435597/elements {"using":"xpath","value":"id(\"booking\")/div[@class=\"wrapper\"]/div[@class=\"container-mx small-padding\"]/div[@class=\"row\"]/div[@class=\"col-xs-12 col-md-4 col-md-offset-8\"]/a[@class=\"btn btn-primary col-xs-12 step\"]/i[@class=\"fa fa-arrow-circle-right\"][count(. | //*[@class = 'fa fa-arrow-circle-right']) = count(//*[@class = 'fa fa-arrow-circle-right'])]"}
[MJSONWP] Driver proxy active, passing request on via HTTP proxy
[JSONWP Proxy] Replacing sessionId 5bebdf3ce236b5b6f3ab27edd0e2162a with cbb48ec6-45b0-4c63-8bf4-a8f8ab435597
[HTTP] <-- POST /wd/hub/session/cbb48ec6-45b0-4c63-8bf4-a8f8ab435597/elements 200 182 ms - 108 
[HTTP] --> GET /wd/hub/session/cbb48ec6-45b0-4c63-8bf4-a8f8ab435597/element/0.9247788483507482-9/displayed {}
[MJSONWP] Driver proxy active, passing request on via HTTP proxy
[JSONWP Proxy] Replacing sessionId 5bebdf3ce236b5b6f3ab27edd0e2162a with cbb48ec6-45b0-4c63-8bf4-a8f8ab435597
[HTTP] <-- GET /wd/hub/session/cbb48ec6-45b0-4c63-8bf4-a8f8ab435597/element/0.9247788483507482-9/displayed 200 243 ms - 76 
[HTTP] --> POST /wd/hub/session/cbb48ec6-45b0-4c63-8bf4-a8f8ab435597/elements {"using":"xpath","value":"id(\"booking\")/div[@class=\"wrapper\"]/div[@class=\"container-mx small-padding\"]/div[@class=\"row\"]/div[@class=\"col-xs-12 col-md-4 col-md-offset-8\"]/a[@class=\"btn btn-primary col-xs-12 step\"]/i[@class=\"fa fa-arrow-circle-right\"][count(. | //*[@class = 'fa fa-arrow-circle-right']) = count(//*[@class = 'fa fa-arrow-circle-right'])]"}
[MJSONWP] Driver proxy active, passing request on via HTTP proxy
[JSONWP Proxy] Replacing sessionId 5bebdf3ce236b5b6f3ab27edd0e2162a with cbb48ec6-45b0-4c63-8bf4-a8f8ab435597
[HTTP] <-- POST /wd/hub/session/cbb48ec6-45b0-4c63-8bf4-a8f8ab435597/elements 200 49 ms - 108 
[HTTP] --> POST /wd/hub/session/cbb48ec6-45b0-4c63-8bf4-a8f8ab435597/element/0.9247788483507482-9/click {"id":"0.9247788483507482-9"}
[MJSONWP] Driver proxy active, passing request on via HTTP proxy
[JSONWP Proxy] Replacing sessionId 5bebdf3ce236b5b6f3ab27edd0e2162a with cbb48ec6-45b0-4c63-8bf4-a8f8ab435597
[HTTP] <-- POST /wd/hub/session/cbb48ec6-45b0-4c63-8bf4-a8f8ab435597/element/0.9247788483507482-9/click 200 665 ms - 76 
[HTTP] --> POST /wd/hub/session/cbb48ec6-45b0-4c63-8bf4-a8f8ab435597/elements {"using":"xpath","value":"//span[count(. | //*[starts-with(@id,'select2-ddlInsurance')]) = count(//*[starts-with(@id,'select2-ddlInsurance')])][count(. | //*[contains(@class,'select2-selection__rendered')]) = count(//*[contains(@class,'select2-selection__rendered')])]"}
[MJSONWP] Driver proxy active, passing request on via HTTP proxy
[JSONWP Proxy] Replacing sessionId 5bebdf3ce236b5b6f3ab27edd0e2162a with cbb48ec6-45b0-4c63-8bf4-a8f8ab435597
[HTTP] <-- POST /wd/hub/session/cbb48ec6-45b0-4c63-8bf4-a8f8ab435597/elements 200 748 ms - 74 
[HTTP] --> POST /wd/hub/session/cbb48ec6-45b0-4c63-8bf4-a8f8ab435597/elements {"using":"xpath","value":"//span[count(. | //*[starts-with(@id,'select2-ddlInsurance')]) = count(//*[starts-with(@id,'select2-ddlInsurance')])][count(. | //*[contains(@class,'select2-selection__rendered')]) = count(//*[contains(@class,'select2-selection__rendered')])]"}
[MJSONWP] Driver proxy active, passing request on via HTTP proxy
[JSONWP Proxy] Replacing sessionId 5bebdf3ce236b5b6f3ab27edd0e2162a with cbb48ec6-45b0-4c63-8bf4-a8f8ab435597
[HTTP] <-- POST /wd/hub/session/cbb48ec6-45b0-4c63-8bf4-a8f8ab435597/elements 200 588 ms - 74 
[HTTP] --> POST /wd/hub/session/cbb48ec6-45b0-4c63-8bf4-a8f8ab435597/elements {"using":"xpath","value":"//span[count(. | //*[starts-with(@id,'select2-ddlInsurance')]) = count(//*[starts-with(@id,'select2-ddlInsurance')])][count(. | //*[contains(@class,'select2-selection__rendered')]) = count(//*[contains(@class,'select2-selection__rendered')])]"}
[MJSONWP] Driver proxy active, passing request on via HTTP proxy
[JSONWP Proxy] Replacing sessionId 5bebdf3ce236b5b6f3ab27edd0e2162a with cbb48ec6-45b0-4c63-8bf4-a8f8ab435597
[HTTP] <-- POST /wd/hub/session/cbb48ec6-45b0-4c63-8bf4-a8f8ab435597/elements 200 704 ms - 74 
[HTTP] --> POST /wd/hub/session/cbb48ec6-45b0-4c63-8bf4-a8f8ab435597/elements {"using":"xpath","value":"//span[count(. | //*[starts-with(@id,'select2-ddlInsurance')]) = count(//*[starts-with(@id,'select2-ddlInsurance')])][count(. | //*[contains(@class,'select2-selection__rendered')]) = count(//*[contains(@class,'select2-selection__rendered')])]"}
[MJSONWP] Driver proxy active, passing request on via HTTP proxy
[JSONWP Proxy] Replacing sessionId 5bebdf3ce236b5b6f3ab27edd0e2162a with cbb48ec6-45b0-4c63-8bf4-a8f8ab435597
[HTTP] <-- POST /wd/hub/session/cbb48ec6-45b0-4c63-8bf4-a8f8ab435597/elements 200 866 ms - 74 
[HTTP] --> POST /wd/hub/session/cbb48ec6-45b0-4c63-8bf4-a8f8ab435597/elements {"using":"xpath","value":"//span[count(. | //*[starts-with(@id,'select2-ddlInsurance')]) = count(//*[starts-with(@id,'select2-ddlInsurance')])][count(. | //*[contains(@class,'select2-selection__rendered')]) = count(//*[contains(@class,'select2-selection__rendered')])]"}
[MJSONWP] Driver proxy active, passing request on via HTTP proxy
[JSONWP Proxy] Replacing sessionId 5bebdf3ce236b5b6f3ab27edd0e2162a with cbb48ec6-45b0-4c63-8bf4-a8f8ab435597
[HTTP] <-- POST /wd/hub/session/cbb48ec6-45b0-4c63-8bf4-a8f8ab435597/elements 200 614 ms - 74 
[HTTP] --> POST /wd/hub/session/cbb48ec6-45b0-4c63-8bf4-a8f8ab435597/elements {"using":"xpath","value":"//span[count(. | //*[starts-with(@id,'select2-ddlInsurance')]) = count(//*[starts-with(@id,'select2-ddlInsurance')])][count(. | //*[contains(@class,'select2-selection__rendered')]) = count(//*[contains(@class,'select2-selection__rendered')])]"}
[MJSONWP] Driver proxy active, passing request on via HTTP proxy
[JSONWP Proxy] Replacing sessionId 5bebdf3ce236b5b6f3ab27edd0e2162a with cbb48ec6-45b0-4c63-8bf4-a8f8ab435597
[HTTP] <-- POST /wd/hub/session/cbb48ec6-45b0-4c63-8bf4-a8f8ab435597/elements 200 793 ms - 74 
[HTTP] --> POST /wd/hub/session/cbb48ec6-45b0-4c63-8bf4-a8f8ab435597/elements {"using":"xpath","value":"//span[count(. | //*[starts-with(@id,'select2-ddlInsurance')]) = count(//*[starts-with(@id,'select2-ddlInsurance')])][count(. | //*[contains(@class,'select2-selection__rendered')]) = count(//*[contains(@class,'select2-selection__rendered')])]"}
[MJSONWP] Driver proxy active, passing request on via HTTP proxy
[JSONWP Proxy] Replacing sessionId 5bebdf3ce236b5b6f3ab27edd0e2162a with cbb48ec6-45b0-4c63-8bf4-a8f8ab435597
[HTTP] <-- POST /wd/hub/session/cbb48ec6-45b0-4c63-8bf4-a8f8ab435597/elements 200 607 ms - 74 
[HTTP] --> POST /wd/hub/session/cbb48ec6-45b0-4c63-8bf4-a8f8ab435597/elements {"using":"xpath","value":"//span[count(. | //*[starts-with(@id,'select2-ddlInsurance')]) = count(//*[starts-with(@id,'select2-ddlInsurance')])][count(. | //*[contains(@class,'select2-selection__rendered')]) = count(//*[contains(@class,'select2-selection__rendered')])]"}
[MJSONWP] Driver proxy active, passing request on via HTTP proxy
[JSONWP Proxy] Replacing sessionId 5bebdf3ce236b5b6f3ab27edd0e2162a with cbb48ec6-45b0-4c63-8bf4-a8f8ab435597
[HTTP] <-- POST /wd/hub/session/cbb48ec6-45b0-4c63-8bf4-a8f8ab435597/elements 200 745 ms - 74 
[HTTP] --> POST /wd/hub/session/cbb48ec6-45b0-4c63-8bf4-a8f8ab435597/elements {"using":"xpath","value":"//span[count(. | //*[starts-with(@id,'select2-ddlInsurance')]) = count(//*[starts-with(@id,'select2-ddlInsurance')])][count(. | //*[contains(@class,'select2-selection__rendered')]) = count(//*[contains(@class,'select2-selection__rendered')])]"}
[MJSONWP] Driver proxy active, passing request on via HTTP proxy
[JSONWP Proxy] Replacing sessionId 5bebdf3ce236b5b6f3ab27edd0e2162a with cbb48ec6-45b0-4c63-8bf4-a8f8ab435597
[HTTP] <-- POST /wd/hub/session/cbb48ec6-45b0-4c63-8bf4-a8f8ab435597/elements 200 692 ms - 74 
[HTTP] --> POST /wd/hub/session/cbb48ec6-45b0-4c63-8bf4-a8f8ab435597/elements {"using":"xpath","value":"//span[count(. | //*[starts-with(@id,'select2-ddlInsurance')]) = count(//*[starts-with(@id,'select2-ddlInsurance')])][count(. | //*[contains(@class,'select2-selection__rendered')]) = count(//*[contains(@class,'select2-selection__rendered')])]"}
[MJSONWP] Driver proxy active, passing request on via HTTP proxy
[JSONWP Proxy] Replacing sessionId 5bebdf3ce236b5b6f3ab27edd0e2162a with cbb48ec6-45b0-4c63-8bf4-a8f8ab435597
[HTTP] <-- POST /wd/hub/session/cbb48ec6-45b0-4c63-8bf4-a8f8ab435597/elements 200 784 ms - 74 
[HTTP] --> POST /wd/hub/session/cbb48ec6-45b0-4c63-8bf4-a8f8ab435597/elements {"using":"xpath","value":"//span[count(. | //*[starts-with(@id,'select2-ddlInsurance')]) = count(//*[starts-with(@id,'select2-ddlInsurance')])][count(. | //*[contains(@class,'select2-selection__rendered')]) = count(//*[contains(@class,'select2-selection__rendered')])]"}
[MJSONWP] Driver proxy active, passing request on via HTTP proxy
[JSONWP Proxy] Replacing sessionId 5bebdf3ce236b5b6f3ab27edd0e2162a with cbb48ec6-45b0-4c63-8bf4-a8f8ab435597
[HTTP] <-- POST /wd/hub/session/cbb48ec6-45b0-4c63-8bf4-a8f8ab435597/elements 200 880 ms - 74 
[HTTP] --> POST /wd/hub/session/cbb48ec6-45b0-4c63-8bf4-a8f8ab435597/elements {"using":"xpath","value":"//span[count(. | //*[starts-with(@id,'select2-ddlInsurance')]) = count(//*[starts-with(@id,'select2-ddlInsurance')])][count(. | //*[contains(@class,'select2-selection__rendered')]) = count(//*[contains(@class,'select2-selection__rendered')])]"}
[MJSONWP] Driver proxy active, passing request on via HTTP proxy
[JSONWP Proxy] Replacing sessionId 5bebdf3ce236b5b6f3ab27edd0e2162a with cbb48ec6-45b0-4c63-8bf4-a8f8ab435597
[HTTP] <-- POST /wd/hub/session/cbb48ec6-45b0-4c63-8bf4-a8f8ab435597/elements 200 716 ms - 74 
[HTTP] --> POST /wd/hub/session/cbb48ec6-45b0-4c63-8bf4-a8f8ab435597/elements {"using":"xpath","value":"//span[count(. | //*[starts-with(@id,'select2-ddlInsurance')]) = count(//*[starts-with(@id,'select2-ddlInsurance')])][count(. | //*[contains(@class,'select2-selection__rendered')]) = count(//*[contains(@class,'select2-selection__rendered')])]"}
[MJSONWP] Driver proxy active, passing request on via HTTP proxy
[JSONWP Proxy] Replacing sessionId 5bebdf3ce236b5b6f3ab27edd0e2162a with cbb48ec6-45b0-4c63-8bf4-a8f8ab435597
[HTTP] <-- POST /wd/hub/session/cbb48ec6-45b0-4c63-8bf4-a8f8ab435597/elements 200 715 ms - 74 
[HTTP] --> POST /wd/hub/session/cbb48ec6-45b0-4c63-8bf4-a8f8ab435597/elements {"using":"xpath","value":"//span[count(. | //*[starts-with(@id,'select2-ddlInsurance')]) = count(//*[starts-with(@id,'select2-ddlInsurance')])][count(. | //*[contains(@class,'select2-selection__rendered')]) = count(//*[contains(@class,'select2-selection__rendered')])]"}
[MJSONWP] Driver proxy active, passing request on via HTTP proxy
[JSONWP Proxy] Replacing sessionId 5bebdf3ce236b5b6f3ab27edd0e2162a with cbb48ec6-45b0-4c63-8bf4-a8f8ab435597
[HTTP] <-- POST /wd/hub/session/cbb48ec6-45b0-4c63-8bf4-a8f8ab435597/elements 200 8281 ms - 145 
[HTTP] --> POST /wd/hub/session/cbb48ec6-45b0-4c63-8bf4-a8f8ab435597/elements {"using":"xpath","value":"//span[count(. | //*[starts-with(@id,'select2-ddlInsurance')]) = count(//*[starts-with(@id,'select2-ddlInsurance')])][count(. | //*[contains(@class,'select2-selection__rendered')]) = count(//*[contains(@class,'select2-selection__rendered')])]"}
[MJSONWP] Driver proxy active, passing request on via HTTP proxy
[JSONWP Proxy] Replacing sessionId 5bebdf3ce236b5b6f3ab27edd0e2162a with cbb48ec6-45b0-4c63-8bf4-a8f8ab435597
[HTTP] <-- POST /wd/hub/session/cbb48ec6-45b0-4c63-8bf4-a8f8ab435597/elements 200 3467 ms - 145 
[HTTP] --> POST /wd/hub/session/cbb48ec6-45b0-4c63-8bf4-a8f8ab435597/element/0.9247788483507482-10/click {"id":"0.9247788483507482-10"}
[MJSONWP] Driver proxy active, passing request on via HTTP proxy
[JSONWP Proxy] Replacing sessionId 5bebdf3ce236b5b6f3ab27edd0e2162a with cbb48ec6-45b0-4c63-8bf4-a8f8ab435597
[HTTP] <-- POST /wd/hub/session/cbb48ec6-45b0-4c63-8bf4-a8f8ab435597/element/0.9247788483507482-10/click 200 1084 ms - 76 
[HTTP] --> POST /wd/hub/session/cbb48ec6-45b0-4c63-8bf4-a8f8ab435597/elements {"using":"xpath","value":"//li[count(. | //*[contains(@id,'select2-ddlInsurance')]) = count(//*[contains(@id,'select2-ddlInsurance')])][count(. | //*[contains(.,'Har selv forsikring - kr. 0,-')]) = count(//*[contains(.,'Har selv forsikring - kr. 0,-')])][count(. | //*[starts-with(@class,'select2-results__option')]) = count(//*[starts-with(@class,'select2-results__option')])]"}
[MJSONWP] Driver proxy active, passing request on via HTTP proxy
[JSONWP Proxy] Replacing sessionId 5bebdf3ce236b5b6f3ab27edd0e2162a with cbb48ec6-45b0-4c63-8bf4-a8f8ab435597
[HTTP] <-- POST /wd/hub/session/cbb48ec6-45b0-4c63-8bf4-a8f8ab435597/elements 200 1160 ms - 109 
[HTTP] --> POST /wd/hub/session/cbb48ec6-45b0-4c63-8bf4-a8f8ab435597/element/0.9247788483507482-12/click {"id":"0.9247788483507482-12"}
[MJSONWP] Driver proxy active, passing request on via HTTP proxy
[JSONWP Proxy] Replacing sessionId 5bebdf3ce236b5b6f3ab27edd0e2162a with cbb48ec6-45b0-4c63-8bf4-a8f8ab435597
[HTTP] <-- POST /wd/hub/session/cbb48ec6-45b0-4c63-8bf4-a8f8ab435597/element/0.9247788483507482-12/click 200 1109 ms - 76 
[HTTP] --> POST /wd/hub/session/cbb48ec6-45b0-4c63-8bf4-a8f8ab435597/elements {"using":"xpath","value":"//a[count(. | id(\"options\")/div[@class=\"wrapper first-bg-topmost\"]/div[@class=\"container-mx padding-top\"]/div[@class=\"row\"]/div[@class=\"col-md-12\"]/div[@class=\"row\"]/div[@class=\"col-md-12\"]/div[@class=\"form-group font-size-h4\"]/a[@class=\"toggle checkbox kalypto\"]) = count(id(\"options\")/div[@class=\"wrapper first-bg-topmost\"]/div[@class=\"container-mx padding-top\"]/div[@class=\"row\"]/div[@class=\"col-md-12\"]/div[@class=\"row\"]/div[@class=\"col-md-12\"]/div[@class=\"form-group font-size-h4\"]/a[@class=\"toggle checkbox kalypto\"])][count(. | //*[@href = '#']) = count(//*[@href = '#'])]"}
[MJSONWP] Driver proxy active, passing request on via HTTP proxy
[JSONWP Proxy] Replacing sessionId 5bebdf3ce236b5b6f3ab27edd0e2162a with cbb48ec6-45b0-4c63-8bf4-a8f8ab435597
[HTTP] <-- POST /wd/hub/session/cbb48ec6-45b0-4c63-8bf4-a8f8ab435597/elements 200 147 ms - 109 
[HTTP] --> POST /wd/hub/session/cbb48ec6-45b0-4c63-8bf4-a8f8ab435597/execute {"script":"arguments[0].scrollIntoView();","args":[{"ELEMENT":"0.9247788483507482-13","element-6066-11e4-a52e-4f735466cecf":"0.9247788483507482-13"}]}
[MJSONWP] Driver proxy active, passing request on via HTTP proxy
[JSONWP Proxy] Replacing sessionId 5bebdf3ce236b5b6f3ab27edd0e2162a with cbb48ec6-45b0-4c63-8bf4-a8f8ab435597
[HTTP] <-- POST /wd/hub/session/cbb48ec6-45b0-4c63-8bf4-a8f8ab435597/execute 200 44 ms - 76 
[HTTP] --> POST /wd/hub/session/cbb48ec6-45b0-4c63-8bf4-a8f8ab435597/elements {"using":"xpath","value":"//a[count(. | id(\"options\")/div[@class=\"wrapper first-bg-topmost\"]/div[@class=\"container-mx padding-top\"]/div[@class=\"row\"]/div[@class=\"col-md-12\"]/div[@class=\"row\"]/div[@class=\"col-md-12\"]/div[@class=\"form-group font-size-h4\"]/a[@class=\"toggle checkbox kalypto\"]) = count(id(\"options\")/div[@class=\"wrapper first-bg-topmost\"]/div[@class=\"container-mx padding-top\"]/div[@class=\"row\"]/div[@class=\"col-md-12\"]/div[@class=\"row\"]/div[@class=\"col-md-12\"]/div[@class=\"form-group font-size-h4\"]/a[@class=\"toggle checkbox kalypto\"])][count(. | //*[@href = '#']) = count(//*[@href = '#'])]"}
[MJSONWP] Driver proxy active, passing request on via HTTP proxy
[JSONWP Proxy] Replacing sessionId 5bebdf3ce236b5b6f3ab27edd0e2162a with cbb48ec6-45b0-4c63-8bf4-a8f8ab435597
[HTTP] <-- POST /wd/hub/session/cbb48ec6-45b0-4c63-8bf4-a8f8ab435597/elements 200 81 ms - 109 
[HTTP] --> GET /wd/hub/session/cbb48ec6-45b0-4c63-8bf4-a8f8ab435597/element/0.9247788483507482-13/displayed {}
[MJSONWP] Driver proxy active, passing request on via HTTP proxy
[JSONWP Proxy] Replacing sessionId 5bebdf3ce236b5b6f3ab27edd0e2162a with cbb48ec6-45b0-4c63-8bf4-a8f8ab435597
[HTTP] <-- GET /wd/hub/session/cbb48ec6-45b0-4c63-8bf4-a8f8ab435597/element/0.9247788483507482-13/displayed 200 317 ms - 76 
[HTTP] --> POST /wd/hub/session/cbb48ec6-45b0-4c63-8bf4-a8f8ab435597/elements {"using":"xpath","value":"//a[count(. | id(\"options\")/div[@class=\"wrapper first-bg-topmost\"]/div[@class=\"container-mx padding-top\"]/div[@class=\"row\"]/div[@class=\"col-md-12\"]/div[@class=\"row\"]/div[@class=\"col-md-12\"]/div[@class=\"form-group font-size-h4\"]/a[@class=\"toggle checkbox kalypto\"]) = count(id(\"options\")/div[@class=\"wrapper first-bg-topmost\"]/div[@class=\"container-mx padding-top\"]/div[@class=\"row\"]/div[@class=\"col-md-12\"]/div[@class=\"row\"]/div[@class=\"col-md-12\"]/div[@class=\"form-group font-size-h4\"]/a[@class=\"toggle checkbox kalypto\"])][count(. | //*[@href = '#']) = count(//*[@href = '#'])]"}
[MJSONWP] Driver proxy active, passing request on via HTTP proxy
[JSONWP Proxy] Replacing sessionId 5bebdf3ce236b5b6f3ab27edd0e2162a with cbb48ec6-45b0-4c63-8bf4-a8f8ab435597
[HTTP] <-- POST /wd/hub/session/cbb48ec6-45b0-4c63-8bf4-a8f8ab435597/elements 200 147 ms - 109 
[HTTP] --> POST /wd/hub/session/cbb48ec6-45b0-4c63-8bf4-a8f8ab435597/element/0.9247788483507482-13/click {"id":"0.9247788483507482-13"}
[MJSONWP] Driver proxy active, passing request on via HTTP proxy
[JSONWP Proxy] Replacing sessionId 5bebdf3ce236b5b6f3ab27edd0e2162a with cbb48ec6-45b0-4c63-8bf4-a8f8ab435597
[HTTP] <-- POST /wd/hub/session/cbb48ec6-45b0-4c63-8bf4-a8f8ab435597/element/0.9247788483507482-13/click 200 597 ms - 76 
[HTTP] --> POST /wd/hub/session/cbb48ec6-45b0-4c63-8bf4-a8f8ab435597/elements {"using":"xpath","value":"//a[count(. | id(\"options\")/div[@class=\"wrapper dynamicBackground third-bg\"]/div[@class=\"container-mx small-padding\"]/div[@class=\"product-category\"][1]/div[@class=\"row category-container\"][1]/div[@class=\"col-md-12\"]/div[@class=\"option-container\"]/div[@class=\"row\"]/div[@class=\"col-md-7 categoryDetails\"]/div[@class=\"row\"]/div[@class=\"col-md-12\"]/div[@class=\"row\"]/div[@class=\"col-md-12\"]/div[@class=\"form-group radio-group\"]/a[@class=\"toggle radio kalypto\"]) = count(id(\"options\")/div[@class=\"wrapper dynamicBackground third-bg\"]/div[@class=\"container-mx small-padding\"]/div[@class=\"product-category\"][1]/div[@class=\"row category-container\"][1]/div[@class=\"col-md-12\"]/div[@class=\"option-container\"]/div[@class=\"row\"]/div[@class=\"col-md-7 categoryDetails\"]/div[@class=\"row\"]/div[@class=\"col-md-12\"]/div[@class=\"row\"]/div[@class=\"col-md-12\"]/div[@class=\"form-group radio-group\"]/a[@class=\"toggle radio kalypto\"])][c
[MJSONWP] Driver proxy active, passing request on via HTTP proxy
[JSONWP Proxy] Replacing sessionId 5bebdf3ce236b5b6f3ab27edd0e2162a with cbb48ec6-45b0-4c63-8bf4-a8f8ab435597
[HTTP] <-- POST /wd/hub/session/cbb48ec6-45b0-4c63-8bf4-a8f8ab435597/elements 200 336 ms - 109 
[HTTP] --> POST /wd/hub/session/cbb48ec6-45b0-4c63-8bf4-a8f8ab435597/execute {"script":"arguments[0].scrollIntoView();","args":[{"ELEMENT":"0.9247788483507482-14","element-6066-11e4-a52e-4f735466cecf":"0.9247788483507482-14"}]}
[MJSONWP] Driver proxy active, passing request on via HTTP proxy
[JSONWP Proxy] Replacing sessionId 5bebdf3ce236b5b6f3ab27edd0e2162a with cbb48ec6-45b0-4c63-8bf4-a8f8ab435597
[HTTP] <-- POST /wd/hub/session/cbb48ec6-45b0-4c63-8bf4-a8f8ab435597/execute 200 162 ms - 76 
[HTTP] --> POST /wd/hub/session/cbb48ec6-45b0-4c63-8bf4-a8f8ab435597/elements {"using":"xpath","value":"//a[count(. | id(\"options\")/div[@class=\"wrapper dynamicBackground third-bg\"]/div[@class=\"container-mx small-padding\"]/div[@class=\"product-category\"][1]/div[@class=\"row category-container\"][1]/div[@class=\"col-md-12\"]/div[@class=\"option-container\"]/div[@class=\"row\"]/div[@class=\"col-md-7 categoryDetails\"]/div[@class=\"row\"]/div[@class=\"col-md-12\"]/div[@class=\"row\"]/div[@class=\"col-md-12\"]/div[@class=\"form-group radio-group\"]/a[@class=\"toggle radio kalypto\"]) = count(id(\"options\")/div[@class=\"wrapper dynamicBackground third-bg\"]/div[@class=\"container-mx small-padding\"]/div[@class=\"product-category\"][1]/div[@class=\"row category-container\"][1]/div[@class=\"col-md-12\"]/div[@class=\"option-container\"]/div[@class=\"row\"]/div[@class=\"col-md-7 categoryDetails\"]/div[@class=\"row\"]/div[@class=\"col-md-12\"]/div[@class=\"row\"]/div[@class=\"col-md-12\"]/div[@class=\"form-group radio-group\"]/a[@class=\"toggle radio kalypto\"])][c
[MJSONWP] Driver proxy active, passing request on via HTTP proxy
[JSONWP Proxy] Replacing sessionId 5bebdf3ce236b5b6f3ab27edd0e2162a with cbb48ec6-45b0-4c63-8bf4-a8f8ab435597
[HTTP] <-- POST /wd/hub/session/cbb48ec6-45b0-4c63-8bf4-a8f8ab435597/elements 200 128 ms - 109 
[HTTP] --> POST /wd/hub/session/cbb48ec6-45b0-4c63-8bf4-a8f8ab435597/element/0.9247788483507482-14/click {"id":"0.9247788483507482-14"}
[MJSONWP] Driver proxy active, passing request on via HTTP proxy
[JSONWP Proxy] Replacing sessionId 5bebdf3ce236b5b6f3ab27edd0e2162a with cbb48ec6-45b0-4c63-8bf4-a8f8ab435597
[HTTP] <-- POST /wd/hub/session/cbb48ec6-45b0-4c63-8bf4-a8f8ab435597/element/0.9247788483507482-14/click 200 713 ms - 76 
[HTTP] --> POST /wd/hub/session/cbb48ec6-45b0-4c63-8bf4-a8f8ab435597/elements {"using":"xpath","value":"//a[count(. | id(\"options\")/div[@class=\"wrapper dynamicBackground third-bg\"]/div[@class=\"container-mx small-padding\"][1]/div[@class=\"product-category\"][1]/div[@class=\"row category-container\"][1]/div[@class=\"col-md-12\"]/div[@class=\"option-container\"]/div[@class=\"row\"]/div[@class=\"col-md-7 categoryDetails\"]/div[@class=\"row\"]/div[@class=\"col-md-12\"]/div[@class=\"row\"]/div[@class=\"col-xs-4 pull-right text-right\"]/div[@class=\"font-size-h3\"]/a[@class=\"toggle checkbox kalypto\"][1]) = count(id(\"options\")/div[@class=\"wrapper dynamicBackground third-bg\"]/div[@class=\"container-mx small-padding\"][1]/div[@class=\"product-category\"][1]/div[@class=\"row category-container\"][1]/div[@class=\"col-md-12\"]/div[@class=\"option-container\"]/div[@class=\"row\"]/div[@class=\"col-md-7 categoryDetails\"]/div[@class=\"row\"]/div[@class=\"col-md-12\"]/div[@class=\"row\"]/div[@class=\"col-xs-4 pull-right text-right\"]/div[@class=\"font-size-h3\"]/a[@c
[MJSONWP] Driver proxy active, passing request on via HTTP proxy
[JSONWP Proxy] Replacing sessionId 5bebdf3ce236b5b6f3ab27edd0e2162a with cbb48ec6-45b0-4c63-8bf4-a8f8ab435597
[HTTP] <-- POST /wd/hub/session/cbb48ec6-45b0-4c63-8bf4-a8f8ab435597/elements 200 351 ms - 109 
[HTTP] --> POST /wd/hub/session/cbb48ec6-45b0-4c63-8bf4-a8f8ab435597/execute {"script":"arguments[0].scrollIntoView();","args":[{"ELEMENT":"0.9247788483507482-15","element-6066-11e4-a52e-4f735466cecf":"0.9247788483507482-15"}]}
[MJSONWP] Driver proxy active, passing request on via HTTP proxy
[JSONWP Proxy] Replacing sessionId 5bebdf3ce236b5b6f3ab27edd0e2162a with cbb48ec6-45b0-4c63-8bf4-a8f8ab435597
[HTTP] <-- POST /wd/hub/session/cbb48ec6-45b0-4c63-8bf4-a8f8ab435597/execute 200 148 ms - 76 
[HTTP] --> POST /wd/hub/session/cbb48ec6-45b0-4c63-8bf4-a8f8ab435597/elements {"using":"xpath","value":"//a[count(. | id(\"options\")/div[@class=\"wrapper dynamicBackground third-bg\"]/div[@class=\"container-mx small-padding\"][1]/div[@class=\"product-category\"][1]/div[@class=\"row category-container\"][1]/div[@class=\"col-md-12\"]/div[@class=\"option-container\"]/div[@class=\"row\"]/div[@class=\"col-md-7 categoryDetails\"]/div[@class=\"row\"]/div[@class=\"col-md-12\"]/div[@class=\"row\"]/div[@class=\"col-xs-4 pull-right text-right\"]/div[@class=\"font-size-h3\"]/a[@class=\"toggle checkbox kalypto\"][1]) = count(id(\"options\")/div[@class=\"wrapper dynamicBackground third-bg\"]/div[@class=\"container-mx small-padding\"][1]/div[@class=\"product-category\"][1]/div[@class=\"row category-container\"][1]/div[@class=\"col-md-12\"]/div[@class=\"option-container\"]/div[@class=\"row\"]/div[@class=\"col-md-7 categoryDetails\"]/div[@class=\"row\"]/div[@class=\"col-md-12\"]/div[@class=\"row\"]/div[@class=\"col-xs-4 pull-right text-right\"]/div[@class=\"font-size-h3\"]/a[@c
[MJSONWP] Driver proxy active, passing request on via HTTP proxy
[JSONWP Proxy] Replacing sessionId 5bebdf3ce236b5b6f3ab27edd0e2162a with cbb48ec6-45b0-4c63-8bf4-a8f8ab435597
[HTTP] <-- POST /wd/hub/session/cbb48ec6-45b0-4c63-8bf4-a8f8ab435597/elements 200 87 ms - 109 
[HTTP] --> POST /wd/hub/session/cbb48ec6-45b0-4c63-8bf4-a8f8ab435597/element/0.9247788483507482-15/click {"id":"0.9247788483507482-15"}
[MJSONWP] Driver proxy active, passing request on via HTTP proxy
[JSONWP Proxy] Replacing sessionId 5bebdf3ce236b5b6f3ab27edd0e2162a with cbb48ec6-45b0-4c63-8bf4-a8f8ab435597
[HTTP] <-- POST /wd/hub/session/cbb48ec6-45b0-4c63-8bf4-a8f8ab435597/element/0.9247788483507482-15/click 200 834 ms - 76 
[HTTP] --> POST /wd/hub/session/cbb48ec6-45b0-4c63-8bf4-a8f8ab435597/elements {"using":"xpath","value":"//a[count(. | id(\"options\")/div[@class=\"wrapper third-bg\"]/div[@class=\"container-mx small-padding\"]/div[@class=\"row\"]/div[@class=\"col-md-12\"]/div[@class=\"form-group font-size-h4\"]/a[@class=\"toggle checkbox kalypto\"]) = count(id(\"options\")/div[@class=\"wrapper third-bg\"]/div[@class=\"container-mx small-padding\"]/div[@class=\"row\"]/div[@class=\"col-md-12\"]/div[@class=\"form-group font-size-h4\"]/a[@class=\"toggle checkbox kalypto\"])][count(. | //*[@href = '#']) = count(//*[@href = '#'])]"}
[MJSONWP] Driver proxy active, passing request on via HTTP proxy
[JSONWP Proxy] Replacing sessionId 5bebdf3ce236b5b6f3ab27edd0e2162a with cbb48ec6-45b0-4c63-8bf4-a8f8ab435597
[HTTP] <-- POST /wd/hub/session/cbb48ec6-45b0-4c63-8bf4-a8f8ab435597/elements 200 254 ms - 145 
[HTTP] --> POST /wd/hub/session/cbb48ec6-45b0-4c63-8bf4-a8f8ab435597/execute {"script":"arguments[0].scrollIntoView();","args":[{"ELEMENT":"0.9247788483507482-16","element-6066-11e4-a52e-4f735466cecf":"0.9247788483507482-16"}]}
[MJSONWP] Driver proxy active, passing request on via HTTP proxy
[JSONWP Proxy] Replacing sessionId 5bebdf3ce236b5b6f3ab27edd0e2162a with cbb48ec6-45b0-4c63-8bf4-a8f8ab435597
[HTTP] <-- POST /wd/hub/session/cbb48ec6-45b0-4c63-8bf4-a8f8ab435597/execute 200 74 ms - 76 
[HTTP] --> POST /wd/hub/session/cbb48ec6-45b0-4c63-8bf4-a8f8ab435597/elements {"using":"xpath","value":"//a[count(. | id(\"options\")/div[@class=\"wrapper third-bg\"]/div[@class=\"container-mx small-padding\"]/div[@class=\"row\"]/div[@class=\"col-md-12\"]/div[@class=\"form-group font-size-h4\"]/a[@class=\"toggle checkbox kalypto\"]) = count(id(\"options\")/div[@class=\"wrapper third-bg\"]/div[@class=\"container-mx small-padding\"]/div[@class=\"row\"]/div[@class=\"col-md-12\"]/div[@class=\"form-group font-size-h4\"]/a[@class=\"toggle checkbox kalypto\"])][count(. | //*[@href = '#']) = count(//*[@href = '#'])]"}
[MJSONWP] Driver proxy active, passing request on via HTTP proxy
[JSONWP Proxy] Replacing sessionId 5bebdf3ce236b5b6f3ab27edd0e2162a with cbb48ec6-45b0-4c63-8bf4-a8f8ab435597
[HTTP] <-- POST /wd/hub/session/cbb48ec6-45b0-4c63-8bf4-a8f8ab435597/elements 200 94 ms - 145 
[HTTP] --> POST /wd/hub/session/cbb48ec6-45b0-4c63-8bf4-a8f8ab435597/element/0.9247788483507482-16/click {"id":"0.9247788483507482-16"}
[MJSONWP] Driver proxy active, passing request on via HTTP proxy
[JSONWP Proxy] Replacing sessionId 5bebdf3ce236b5b6f3ab27edd0e2162a with cbb48ec6-45b0-4c63-8bf4-a8f8ab435597
[HTTP] <-- POST /wd/hub/session/cbb48ec6-45b0-4c63-8bf4-a8f8ab435597/element/0.9247788483507482-16/click 200 594 ms - 76 
[HTTP] --> POST /wd/hub/session/cbb48ec6-45b0-4c63-8bf4-a8f8ab435597/elements {"using":"xpath","value":"//a[count(. | //*[@href = 'javascript:;']) = count(//*[@href = 'javascript:;'])][count(. | //*[@data-bind = 'css: tourpaq.bookingEngine.confirmation.nextStepButtonStyle']) = count(//*[@data-bind = 'css: tourpaq.bookingEngine.confirmation.nextStepButtonStyle'])]"}
[MJSONWP] Driver proxy active, passing request on via HTTP proxy
[JSONWP Proxy] Replacing sessionId 5bebdf3ce236b5b6f3ab27edd0e2162a with cbb48ec6-45b0-4c63-8bf4-a8f8ab435597
[HTTP] <-- POST /wd/hub/session/cbb48ec6-45b0-4c63-8bf4-a8f8ab435597/elements 200 717 ms - 109 
[HTTP] --> POST /wd/hub/session/cbb48ec6-45b0-4c63-8bf4-a8f8ab435597/execute {"script":"arguments[0].scrollIntoView();","args":[{"ELEMENT":"0.9247788483507482-18","element-6066-11e4-a52e-4f735466cecf":"0.9247788483507482-18"}]}
[MJSONWP] Driver proxy active, passing request on via HTTP proxy
[JSONWP Proxy] Replacing sessionId 5bebdf3ce236b5b6f3ab27edd0e2162a with cbb48ec6-45b0-4c63-8bf4-a8f8ab435597
[HTTP] <-- POST /wd/hub/session/cbb48ec6-45b0-4c63-8bf4-a8f8ab435597/execute 200 20 ms - 76 
[HTTP] --> POST /wd/hub/session/cbb48ec6-45b0-4c63-8bf4-a8f8ab435597/elements {"using":"xpath","value":"//a[count(. | //*[@href = 'javascript:;']) = count(//*[@href = 'javascript:;'])][count(. | //*[@data-bind = 'css: tourpaq.bookingEngine.confirmation.nextStepButtonStyle']) = count(//*[@data-bind = 'css: tourpaq.bookingEngine.confirmation.nextStepButtonStyle'])]"}
[MJSONWP] Driver proxy active, passing request on via HTTP proxy
[JSONWP Proxy] Replacing sessionId 5bebdf3ce236b5b6f3ab27edd0e2162a with cbb48ec6-45b0-4c63-8bf4-a8f8ab435597
[HTTP] <-- POST /wd/hub/session/cbb48ec6-45b0-4c63-8bf4-a8f8ab435597/elements 200 837 ms - 109 
[HTTP] --> GET /wd/hub/session/cbb48ec6-45b0-4c63-8bf4-a8f8ab435597/element/0.9247788483507482-18/enabled {}
[MJSONWP] Driver proxy active, passing request on via HTTP proxy
[JSONWP Proxy] Replacing sessionId 5bebdf3ce236b5b6f3ab27edd0e2162a with cbb48ec6-45b0-4c63-8bf4-a8f8ab435597
[HTTP] <-- GET /wd/hub/session/cbb48ec6-45b0-4c63-8bf4-a8f8ab435597/element/0.9247788483507482-18/enabled 200 236 ms - 76 
[HTTP] --> DELETE /wd/hub/session/cbb48ec6-45b0-4c63-8bf4-a8f8ab435597 {}
[AndroidBootstrap] [BOOTSTRAP LOG] [debug] Got data from client: {"cmd":"shutdown"}
[AndroidBootstrap] [BOOTSTRAP LOG] [debug] Got command of type SHUTDOWN
[AndroidBootstrap] [BOOTSTRAP LOG] [debug] Returning result: {"status":0,"value":"OK, shutting down"}
[ADB] No uiautomator process found to kill, continuing...
[Appium] Removing session cbb48ec6-45b0-4c63-8bf4-a8f8ab435597 from our master session list
[HTTP] <-- DELETE /wd/hub/session/cbb48ec6-45b0-4c63-8bf4-a8f8ab435597 200 4362 ms - 76 
